Using pre-set license
Built from '2020.3/release' branch; Version is '2020.3.2f1 (8fd9074bf66c) revision 9427207'; Using compiler version '192528614'; Build Type 'Release'
OS: 'Windows 10 Home Single Language; OS build 19042.1052; Version 2009; 64bit' Language: 'ru' Physical Memory: 8097 MB
BatchMode: 1, IsHumanControllingUs: 0, StartBugReporterOnCrash: 0, Is64bit: 1, IsPro: 0

 COMMAND LINE ARGUMENTS:
C:\Program Files\Unity\Hub\Editor\2020.3.2f1\Editor\Unity.exe
-adb2
-batchMode
-noUpm
-name
AssetImportWorker0
-projectPath
C:/MyUnityProjects/FireBalls3D-game
-logFile
Logs/AssetImportWorker0.log
-srvPort
50329
Successfully changed project path to: C:/MyUnityProjects/FireBalls3D-game
C:/MyUnityProjects/FireBalls3D-game
Using Asset Import Pipeline V2.
Refreshing native plugins compatible for Editor in 71.29 ms, found 0 plugins.
Preloading 0 native plugins for Editor in 0.00 ms.
Initialize engine version: 2020.3.2f1 (8fd9074bf66c)
[Subsystems] Discovering subsystems at path C:/Program Files/Unity/Hub/Editor/2020.3.2f1/Editor/Data/Resources/UnitySubsystems
[Subsystems] Discovering subsystems at path C:/MyUnityProjects/FireBalls3D-game/Assets
GfxDevice: creating device client; threaded=0
Direct3D:
    Version:  Direct3D 11.0 [level 11.1]
    Renderer: Intel(R) UHD Graphics 620 (ID=0x5917)
    Vendor:   
    VRAM:     4048 MB
    Driver:   26.20.100.7323
Initialize mono
Mono path[0] = 'C:/Program Files/Unity/Hub/Editor/2020.3.2f1/Editor/Data/Managed'
Mono path[1] = 'C:/Program Files/Unity/Hub/Editor/2020.3.2f1/Editor/Data/MonoBleedingEdge/lib/mono/unityjit'
Mono config path = 'C:/Program Files/Unity/Hub/Editor/2020.3.2f1/Editor/Data/MonoBleedingEdge/etc'
Using monoOptions --debugger-agent=transport=dt_socket,embedding=1,server=y,suspend=n,address=127.0.0.1:56500
Begin MonoManager ReloadAssembly
Registering precompiled unity dll's ...
Register platform support module: C:/Program Files/Unity/Hub/Editor/2020.3.2f1/Editor/Data/PlaybackEngines/WindowsStandaloneSupport/UnityEditor.WindowsStandalone.Extensions.dll
Registered in 0.009650 seconds.
Native extension for WindowsStandalone target not found
Refreshing native plugins compatible for Editor in 87.40 ms, found 0 plugins.
Preloading 0 native plugins for Editor in 0.00 ms.
Invoked RoslynAnalysisRunner static constructor.
RoslynAnalysisRunner will not be running.
RoslynAnalysisRunner has terminated.
Mono: successfully reloaded assembly
- Completed reload, in 15.367 seconds
Platform modules already initialized, skipping
Registering precompiled user dll's ...
Registered in 0.012065 seconds.
Begin MonoManager ReloadAssembly
Native extension for WindowsStandalone target not found
Refreshing native plugins compatible for Editor in 0.85 ms, found 0 plugins.
Preloading 0 native plugins for Editor in 0.00 ms.
Invoked RoslynAnalysisRunner static constructor.
RoslynAnalysisRunner will not be running.
RoslynAnalysisRunner has terminated.
Mono: successfully reloaded assembly
- Completed reload, in  2.646 seconds
Platform modules already initialized, skipping
========================================================================
Worker process is ready to serve import requests
Launched and connected shader compiler UnityShaderCompiler.exe after 0.26 seconds
Refreshing native plugins compatible for Editor in 0.34 ms, found 0 plugins.
Preloading 0 native plugins for Editor in 0.00 ms.
Unloading 1503 Unused Serialized files (Serialized files now loaded: 0)
System memory in use before: 73.8 MB.
System memory in use after: 73.9 MB.

Unloading 12 unused Assets to reduce memory usage. Loaded Objects now: 1949.
Total: 3.598300 ms (FindLiveObjects: 0.260100 ms CreateObjectMapping: 0.131500 ms MarkObjects: 2.957200 ms  DeleteObjects: 0.246100 ms)

========================================================================
Received Import Request.
  path: Assets/Models/Pipe.prefab
  artifactKey: Guid(830d536ed54dd2d4682b57367af4a4d3) Importer(815301076,1909f56bfc062723c751e8b465ee728b)
Start importing Assets/Models/Pipe.prefab using Guid(830d536ed54dd2d4682b57367af4a4d3) Importer(815301076,1909f56bfc062723c751e8b465ee728b)  -> (artifact id: '67ee49564947709c98aad851c292412e') in 0.138146 seconds
  Import took 0.144803 seconds .

========================================================================
Received Import Request.
  Time since last request: 0.000508 seconds.
  path: Assets/Models/Platform.prefab
  artifactKey: Guid(f86872035da25484eb199846144dca3d) Importer(815301076,1909f56bfc062723c751e8b465ee728b)
Start importing Assets/Models/Platform.prefab using Guid(f86872035da25484eb199846144dca3d) Importer(815301076,1909f56bfc062723c751e8b465ee728b)  -> (artifact id: '71984edce957fbc47bd9b5fb37a9585d') in 0.014436 seconds
  Import took 0.021985 seconds .

========================================================================
Received Import Request.
  Time since last request: 299.860938 seconds.
  path: Assets/Materials
  artifactKey: Guid(90ae0cae00c2efb4ab0526003dce834a) Importer(815301076,1909f56bfc062723c751e8b465ee728b)
Start importing Assets/Materials using Guid(90ae0cae00c2efb4ab0526003dce834a) Importer(815301076,1909f56bfc062723c751e8b465ee728b)  -> (artifact id: 'a80c3de1bb8cad64b9674f3a96a374d7') in 0.008513 seconds
  Import took 0.017209 seconds .

========================================================================
Received Import Request.
  Time since last request: 8.172020 seconds.
  path: Assets/Materials/Floor.mat
  artifactKey: Guid(577903071b58ffc4fb2464cf938e4e06) Importer(815301076,1909f56bfc062723c751e8b465ee728b)
Start importing Assets/Materials/Floor.mat using Guid(577903071b58ffc4fb2464cf938e4e06) Importer(815301076,1909f56bfc062723c751e8b465ee728b)  -> (artifact id: 'e845d2ac248920e3de9517c7865416d2') in 0.183021 seconds
  Import took 0.188727 seconds .

========================================================================
Received Import Request.
  Time since last request: 11.554232 seconds.
  path: Assets/Materials/Floor.mat
  artifactKey: Guid(577903071b58ffc4fb2464cf938e4e06) Importer(815301076,1909f56bfc062723c751e8b465ee728b)
Start importing Assets/Materials/Floor.mat using Guid(577903071b58ffc4fb2464cf938e4e06) Importer(815301076,1909f56bfc062723c751e8b465ee728b)  -> (artifact id: 'ff50582b4662da8139b7512c6e75732e') in 0.022718 seconds
  Import took 0.027048 seconds .

========================================================================
Received Import Request.
  Time since last request: 12.901713 seconds.
  path: Assets/Materials/Floor.mat
  artifactKey: Guid(577903071b58ffc4fb2464cf938e4e06) Importer(815301076,1909f56bfc062723c751e8b465ee728b)
Start importing Assets/Materials/Floor.mat using Guid(577903071b58ffc4fb2464cf938e4e06) Importer(815301076,1909f56bfc062723c751e8b465ee728b)  -> (artifact id: 'd9b24d7cc1d881158642cbd2af0c24bf') in 0.023475 seconds
  Import took 0.027553 seconds .

========================================================================
Received Import Request.
  Time since last request: 1328.152855 seconds.
  path: Assets/Prefabs
  artifactKey: Guid(f00fc07faf9404749bba14c94871d0f9) Importer(815301076,1909f56bfc062723c751e8b465ee728b)
Start importing Assets/Prefabs using Guid(f00fc07faf9404749bba14c94871d0f9) Importer(815301076,1909f56bfc062723c751e8b465ee728b)  -> (artifact id: 'fd29a7c72038663db0a0202098e9341d') in 0.013550 seconds
  Import took 0.024420 seconds .

========================================================================
Received Import Request.
  Time since last request: 11.843882 seconds.
  path: Assets/Prefabs/Platform.prefab
  artifactKey: Guid(86ff4b5d2c5e68c40bf60d3f61468a6d) Importer(815301076,1909f56bfc062723c751e8b465ee728b)
Start importing Assets/Prefabs/Platform.prefab using Guid(86ff4b5d2c5e68c40bf60d3f61468a6d) Importer(815301076,1909f56bfc062723c751e8b465ee728b)  -> (artifact id: '8c9f1a3adccc44db287085145bcf2cc6') in 0.037778 seconds
  Import took 0.041713 seconds .

========================================================================
Received Import Request.
  Time since last request: 0.019960 seconds.
  path: Assets/Prefabs/Platform.prefab
  artifactKey: Guid(86ff4b5d2c5e68c40bf60d3f61468a6d) Importer(815301076,1909f56bfc062723c751e8b465ee728b)
Start importing Assets/Prefabs/Platform.prefab using Guid(86ff4b5d2c5e68c40bf60d3f61468a6d) Importer(815301076,1909f56bfc062723c751e8b465ee728b)  -> (artifact id: '8c9f1a3adccc44db287085145bcf2cc6') in 0.040006 seconds
  Import took 0.044785 seconds .

========================================================================
Received Import Request.
  Time since last request: 63.964505 seconds.
  path: Assets/Materials/Pipe.mat
  artifactKey: Guid(be7bb45cfaa26b6468617299f0936efb) Importer(815301076,1909f56bfc062723c751e8b465ee728b)
Start importing Assets/Materials/Pipe.mat using Guid(be7bb45cfaa26b6468617299f0936efb) Importer(815301076,1909f56bfc062723c751e8b465ee728b)  -> (artifact id: '8d315176f631dd2303dd3f7a2d879027') in 0.045439 seconds
  Import took 0.051455 seconds .

========================================================================
Received Import Request.
  Time since last request: 15.840139 seconds.
  path: Assets/Materials/Pipe.mat
  artifactKey: Guid(be7bb45cfaa26b6468617299f0936efb) Importer(815301076,1909f56bfc062723c751e8b465ee728b)
Start importing Assets/Materials/Pipe.mat using Guid(be7bb45cfaa26b6468617299f0936efb) Importer(815301076,1909f56bfc062723c751e8b465ee728b)  -> (artifact id: '20dd23941d062d9d30138c0256ec47ea') in 0.041928 seconds
  Import took 0.046222 seconds .

========================================================================
Received Import Request.
  Time since last request: 12.194619 seconds.
  path: Assets/Prefabs/Pipe.prefab
  artifactKey: Guid(04ae516d3a7c3b548a2ee745905d649f) Importer(815301076,1909f56bfc062723c751e8b465ee728b)
Start importing Assets/Prefabs/Pipe.prefab using Guid(04ae516d3a7c3b548a2ee745905d649f) Importer(815301076,1909f56bfc062723c751e8b465ee728b)  -> (artifact id: '45dbc6f93330fb3c793229d21151766b') in 0.010096 seconds
  Import took 0.014697 seconds .

========================================================================
Received Import Request.
  Time since last request: 0.033822 seconds.
  path: Assets/Prefabs/Pipe.prefab
  artifactKey: Guid(04ae516d3a7c3b548a2ee745905d649f) Importer(815301076,1909f56bfc062723c751e8b465ee728b)
Start importing Assets/Prefabs/Pipe.prefab using Guid(04ae516d3a7c3b548a2ee745905d649f) Importer(815301076,1909f56bfc062723c751e8b465ee728b)  -> (artifact id: '45dbc6f93330fb3c793229d21151766b') in 0.014475 seconds
  Import took 0.019201 seconds .

========================================================================
Received Import Request.
  Time since last request: 41.875976 seconds.
  path: Assets/Block.cs
  artifactKey: Guid(1ec0e9d4e3802484d9ee79e7db63d054) Importer(815301076,1909f56bfc062723c751e8b465ee728b)
Start importing Assets/Block.cs using Guid(1ec0e9d4e3802484d9ee79e7db63d054) Importer(815301076,1909f56bfc062723c751e8b465ee728b)  -> (artifact id: '5b1f757d1fb04a0d617a15ab0e8f7b73') in 0.040460 seconds
  Import took 0.069489 seconds .

========================================================================
Received Import Request.
  Time since last request: 0.006635 seconds.
  path: Assets/Block.cs
  artifactKey: Guid(1ec0e9d4e3802484d9ee79e7db63d054) Importer(815301076,1909f56bfc062723c751e8b465ee728b)
Start importing Assets/Block.cs using Guid(1ec0e9d4e3802484d9ee79e7db63d054) Importer(815301076,1909f56bfc062723c751e8b465ee728b)  -> (artifact id: '5b1f757d1fb04a0d617a15ab0e8f7b73') in 0.016341 seconds
  Import took 0.023657 seconds .

========================================================================
Received Prepare
Registering precompiled user dll's ...
Registered in 0.007329 seconds.
Begin MonoManager ReloadAssembly
Native extension for WindowsStandalone target not found
Refreshing native plugins compatible for Editor in 0.55 ms, found 0 plugins.
Preloading 0 native plugins for Editor in 0.00 ms.
Invoked RoslynAnalysisRunner static constructor.
RoslynAnalysisRunner will not be running.
RoslynAnalysisRunner has terminated.
Mono: successfully reloaded assembly
- Completed reload, in  2.810 seconds
Platform modules already initialized, skipping
Switching build target platform(5) subTarget(0) extendedPlatform(0) -> platform(13) subTarget(537395200) extendedPlatform(0)
Refreshing native plugins compatible for Editor in 0.88 ms, found 0 plugins.
Preloading 0 native plugins for Editor in 0.00 ms.
Unloading 1470 Unused Serialized files (Serialized files now loaded: 0)
System memory in use before: 73.5 MB.
System memory in use after: 73.6 MB.

Unloading 7 unused Assets to reduce memory usage. Loaded Objects now: 1994.
Total: 4.782900 ms (FindLiveObjects: 0.444100 ms CreateObjectMapping: 0.187500 ms MarkObjects: 4.027100 ms  DeleteObjects: 0.121400 ms)

AssetImportParameters requested are different than current active one (requested -> active):
  custom:graphics/normal-map-encoding: 01000000000000000000000000000000 -> 02000000000000000000000000000000
========================================================================
Received Import Request.
  Time since last request: 13.737876 seconds.
  path: Assets/New Folder
  artifactKey: Guid(8b779c22513ba3643b8347eba54c575c) Importer(815301076,1909f56bfc062723c751e8b465ee728b)
Start importing Assets/New Folder using Guid(8b779c22513ba3643b8347eba54c575c) Importer(815301076,1909f56bfc062723c751e8b465ee728b)  -> (artifact id: '58505f7efafa780b6934109a9294c988') in 0.009832 seconds
  Import took 0.016495 seconds .

========================================================================
Received Import Request.
  Time since last request: 6.310208 seconds.
  path: Assets/Scripts
  artifactKey: Guid(8b779c22513ba3643b8347eba54c575c) Importer(815301076,1909f56bfc062723c751e8b465ee728b)
Start importing Assets/Scripts using Guid(8b779c22513ba3643b8347eba54c575c) Importer(815301076,1909f56bfc062723c751e8b465ee728b)  -> (artifact id: 'c9b8fcefa997a8572af1d09f3caa4e05') in 0.007599 seconds
  Import took 0.014394 seconds .

========================================================================
Received Prepare
Registering precompiled user dll's ...
Registered in 0.007241 seconds.
Begin MonoManager ReloadAssembly
Native extension for WindowsStandalone target not found
Refreshing native plugins compatible for Editor in 0.45 ms, found 0 plugins.
Preloading 0 native plugins for Editor in 0.00 ms.
Invoked RoslynAnalysisRunner static constructor.
RoslynAnalysisRunner will not be running.
RoslynAnalysisRunner has terminated.
Mono: successfully reloaded assembly
- Completed reload, in  2.574 seconds
Platform modules already initialized, skipping
Switching build target platform(5) subTarget(0) extendedPlatform(0) -> platform(13) subTarget(537395200) extendedPlatform(0)
Refreshing native plugins compatible for Editor in 0.49 ms, found 0 plugins.
Preloading 0 native plugins for Editor in 0.00 ms.
Unloading 1470 Unused Serialized files (Serialized files now loaded: 0)
System memory in use before: 73.6 MB.
System memory in use after: 73.6 MB.

Unloading 7 unused Assets to reduce memory usage. Loaded Objects now: 1997.
Total: 3.507100 ms (FindLiveObjects: 0.370600 ms CreateObjectMapping: 0.239300 ms MarkObjects: 2.817100 ms  DeleteObjects: 0.077600 ms)

AssetImportParameters requested are different than current active one (requested -> active):
  custom:graphics/normal-map-encoding: 01000000000000000000000000000000 -> 02000000000000000000000000000000
========================================================================
Received Import Request.
  Time since last request: 68.494954 seconds.
  path: Assets/Scripts/Tower.cs
  artifactKey: Guid(dfedf1d79cb55d04ab6ccfec8051932b) Importer(815301076,1909f56bfc062723c751e8b465ee728b)
Start importing Assets/Scripts/Tower.cs using Guid(dfedf1d79cb55d04ab6ccfec8051932b) Importer(815301076,1909f56bfc062723c751e8b465ee728b)  -> (artifact id: '1ab8c5cd5fd41e1d9b0df33c49737cd4') in 0.016326 seconds
  Import took 0.030643 seconds .

========================================================================
Received Prepare
Registering precompiled user dll's ...
Registered in 0.003145 seconds.
Begin MonoManager ReloadAssembly
Native extension for WindowsStandalone target not found
Refreshing native plugins compatible for Editor in 0.77 ms, found 0 plugins.
Preloading 0 native plugins for Editor in 0.00 ms.
Invoked RoslynAnalysisRunner static constructor.
RoslynAnalysisRunner will not be running.
RoslynAnalysisRunner has terminated.
Mono: successfully reloaded assembly
- Completed reload, in  2.299 seconds
Platform modules already initialized, skipping
Switching build target platform(5) subTarget(0) extendedPlatform(0) -> platform(13) subTarget(537395200) extendedPlatform(0)
Refreshing native plugins compatible for Editor in 0.52 ms, found 0 plugins.
Preloading 0 native plugins for Editor in 0.00 ms.
Unloading 1471 Unused Serialized files (Serialized files now loaded: 0)
System memory in use before: 73.6 MB.
System memory in use after: 73.7 MB.

Unloading 7 unused Assets to reduce memory usage. Loaded Objects now: 2001.
Total: 3.140800 ms (FindLiveObjects: 0.305100 ms CreateObjectMapping: 0.054800 ms MarkObjects: 2.679600 ms  DeleteObjects: 0.099200 ms)

AssetImportParameters requested are different than current active one (requested -> active):
  custom:graphics/normal-map-encoding: 01000000000000000000000000000000 -> 02000000000000000000000000000000
========================================================================
Received Import Request.
  Time since last request: 15.287378 seconds.
  path: Assets/Scripts/TowerBuilder.cs
  artifactKey: Guid(0fa220bec59e0f040af0d79470708af5) Importer(815301076,1909f56bfc062723c751e8b465ee728b)
Start importing Assets/Scripts/TowerBuilder.cs using Guid(0fa220bec59e0f040af0d79470708af5) Importer(815301076,1909f56bfc062723c751e8b465ee728b)  -> (artifact id: '285e903a65deefc420a3d2df003dc0cf') in 0.016562 seconds
  Import took 0.028744 seconds .

========================================================================
Received Import Request.
  Time since last request: 0.031371 seconds.
  path: Assets/Scripts/TowerBuilder.cs
  artifactKey: Guid(0fa220bec59e0f040af0d79470708af5) Importer(815301076,1909f56bfc062723c751e8b465ee728b)
Start importing Assets/Scripts/TowerBuilder.cs using Guid(0fa220bec59e0f040af0d79470708af5) Importer(815301076,1909f56bfc062723c751e8b465ee728b)  -> (artifact id: '285e903a65deefc420a3d2df003dc0cf') in 0.015374 seconds
  Import took 0.020462 seconds .

========================================================================
Received Prepare
Registering precompiled user dll's ...
Registered in 0.006920 seconds.
Begin MonoManager ReloadAssembly
Native extension for WindowsStandalone target not found
Refreshing native plugins compatible for Editor in 0.46 ms, found 0 plugins.
Preloading 0 native plugins for Editor in 0.00 ms.
Invoked RoslynAnalysisRunner static constructor.
RoslynAnalysisRunner will not be running.
RoslynAnalysisRunner has terminated.
Mono: successfully reloaded assembly
- Completed reload, in  3.031 seconds
Platform modules already initialized, skipping
Switching build target platform(5) subTarget(0) extendedPlatform(0) -> platform(13) subTarget(537395200) extendedPlatform(0)
Refreshing native plugins compatible for Editor in 1.17 ms, found 0 plugins.
Preloading 0 native plugins for Editor in 0.00 ms.
Unloading 1472 Unused Serialized files (Serialized files now loaded: 0)
System memory in use before: 73.6 MB.
System memory in use after: 73.7 MB.

Unloading 7 unused Assets to reduce memory usage. Loaded Objects now: 2005.
Total: 6.381100 ms (FindLiveObjects: 0.388800 ms CreateObjectMapping: 0.453200 ms MarkObjects: 5.435200 ms  DeleteObjects: 0.100900 ms)

AssetImportParameters requested are different than current active one (requested -> active):
  custom:graphics/normal-map-encoding: 01000000000000000000000000000000 -> 02000000000000000000000000000000
========================================================================
Received Prepare
Registering precompiled user dll's ...
Registered in 0.006334 seconds.
Begin MonoManager ReloadAssembly
Native extension for WindowsStandalone target not found
Refreshing native plugins compatible for Editor in 0.51 ms, found 0 plugins.
Preloading 0 native plugins for Editor in 0.00 ms.
Invoked RoslynAnalysisRunner static constructor.
RoslynAnalysisRunner will not be running.
RoslynAnalysisRunner has terminated.
Mono: successfully reloaded assembly
- Completed reload, in  2.780 seconds
Platform modules already initialized, skipping
Switching build target platform(5) subTarget(0) extendedPlatform(0) -> platform(13) subTarget(537395200) extendedPlatform(0)
Refreshing native plugins compatible for Editor in 0.59 ms, found 0 plugins.
Preloading 0 native plugins for Editor in 0.00 ms.
Unloading 1472 Unused Serialized files (Serialized files now loaded: 0)
System memory in use before: 73.6 MB.
System memory in use after: 73.7 MB.

Unloading 7 unused Assets to reduce memory usage. Loaded Objects now: 2008.
Total: 3.664900 ms (FindLiveObjects: 0.280300 ms CreateObjectMapping: 0.091800 ms MarkObjects: 3.188100 ms  DeleteObjects: 0.102300 ms)

AssetImportParameters requested are different than current active one (requested -> active):
  custom:graphics/normal-map-encoding: 01000000000000000000000000000000 -> 02000000000000000000000000000000
========================================================================
Received Import Request.
  Time since last request: 695.287377 seconds.
  path: Assets/Scripts/TowerBuilder.cs
  artifactKey: Guid(0fa220bec59e0f040af0d79470708af5) Importer(815301076,1909f56bfc062723c751e8b465ee728b)
Start importing Assets/Scripts/TowerBuilder.cs using Guid(0fa220bec59e0f040af0d79470708af5) Importer(815301076,1909f56bfc062723c751e8b465ee728b)  -> (artifact id: '37a1d631a82cc20ff3cb2d2f2eb2f7af') in 0.012992 seconds
  Import took 0.022459 seconds .

========================================================================
Received Prepare
Registering precompiled user dll's ...
Registered in 0.004919 seconds.
Begin MonoManager ReloadAssembly
Native extension for WindowsStandalone target not found
Refreshing native plugins compatible for Editor in 0.77 ms, found 0 plugins.
Preloading 0 native plugins for Editor in 0.00 ms.
Invoked RoslynAnalysisRunner static constructor.
RoslynAnalysisRunner will not be running.
RoslynAnalysisRunner has terminated.
Mono: successfully reloaded assembly
- Completed reload, in  2.864 seconds
Platform modules already initialized, skipping
Switching build target platform(5) subTarget(0) extendedPlatform(0) -> platform(13) subTarget(537395200) extendedPlatform(0)
Refreshing native plugins compatible for Editor in 0.43 ms, found 0 plugins.
Preloading 0 native plugins for Editor in 0.00 ms.
Unloading 1472 Unused Serialized files (Serialized files now loaded: 0)
System memory in use before: 73.7 MB.
System memory in use after: 73.7 MB.

Unloading 7 unused Assets to reduce memory usage. Loaded Objects now: 2011.
Total: 3.131100 ms (FindLiveObjects: 0.256100 ms CreateObjectMapping: 0.092400 ms MarkObjects: 2.703200 ms  DeleteObjects: 0.076400 ms)

AssetImportParameters requested are different than current active one (requested -> active):
  custom:graphics/normal-map-encoding: 01000000000000000000000000000000 -> 02000000000000000000000000000000
========================================================================
Received Import Request.
  Time since last request: 306.251296 seconds.
  path: Assets/Scripts/TowerBuilder.cs
  artifactKey: Guid(0fa220bec59e0f040af0d79470708af5) Importer(815301076,1909f56bfc062723c751e8b465ee728b)
Start importing Assets/Scripts/TowerBuilder.cs using Guid(0fa220bec59e0f040af0d79470708af5) Importer(815301076,1909f56bfc062723c751e8b465ee728b)  -> (artifact id: 'e466fd29c541966bae67ee434e4f07de') in 0.011360 seconds
  Import took 0.018538 seconds .

========================================================================
Received Import Request.
  Time since last request: 50.914036 seconds.
  path: Assets/Prefabs/Pipe.prefab
  artifactKey: Guid(04ae516d3a7c3b548a2ee745905d649f) Importer(815301076,1909f56bfc062723c751e8b465ee728b)
Start importing Assets/Prefabs/Pipe.prefab using Guid(04ae516d3a7c3b548a2ee745905d649f) Importer(815301076,1909f56bfc062723c751e8b465ee728b)  -> (artifact id: '28effeae436accc2de168683e12c8147') in 0.195353 seconds
  Import took 0.211339 seconds .

========================================================================
Received Prepare
Registering precompiled user dll's ...
Registered in 0.003948 seconds.
Begin MonoManager ReloadAssembly
Native extension for WindowsStandalone target not found
Refreshing native plugins compatible for Editor in 0.50 ms, found 0 plugins.
Preloading 0 native plugins for Editor in 0.00 ms.
Invoked RoslynAnalysisRunner static constructor.
RoslynAnalysisRunner will not be running.
RoslynAnalysisRunner has terminated.
Mono: successfully reloaded assembly
- Completed reload, in  1.942 seconds
Platform modules already initialized, skipping
Switching build target platform(5) subTarget(0) extendedPlatform(0) -> platform(13) subTarget(537395200) extendedPlatform(0)
Refreshing native plugins compatible for Editor in 0.77 ms, found 0 plugins.
Preloading 0 native plugins for Editor in 0.00 ms.
Unloading 1472 Unused Serialized files (Serialized files now loaded: 0)
System memory in use before: 73.7 MB.
System memory in use after: 73.8 MB.

Unloading 7 unused Assets to reduce memory usage. Loaded Objects now: 2014.
Total: 3.365800 ms (FindLiveObjects: 0.491100 ms CreateObjectMapping: 0.189200 ms MarkObjects: 2.568000 ms  DeleteObjects: 0.114500 ms)

AssetImportParameters requested are different than current active one (requested -> active):
  custom:graphics/normal-map-encoding: 01000000000000000000000000000000 -> 02000000000000000000000000000000
========================================================================
Received Prepare
Registering precompiled user dll's ...
Registered in 0.006948 seconds.
Begin MonoManager ReloadAssembly
Native extension for WindowsStandalone target not found
Refreshing native plugins compatible for Editor in 0.96 ms, found 0 plugins.
Preloading 0 native plugins for Editor in 0.00 ms.
Invoked RoslynAnalysisRunner static constructor.
RoslynAnalysisRunner will not be running.
RoslynAnalysisRunner has terminated.
Mono: successfully reloaded assembly
- Completed reload, in  3.219 seconds
Platform modules already initialized, skipping
Switching build target platform(5) subTarget(0) extendedPlatform(0) -> platform(13) subTarget(537395200) extendedPlatform(0)
Refreshing native plugins compatible for Editor in 0.50 ms, found 0 plugins.
Preloading 0 native plugins for Editor in 0.00 ms.
Unloading 1472 Unused Serialized files (Serialized files now loaded: 0)
System memory in use before: 73.7 MB.
System memory in use after: 73.8 MB.

Unloading 7 unused Assets to reduce memory usage. Loaded Objects now: 2017.
Total: 3.471200 ms (FindLiveObjects: 0.267700 ms CreateObjectMapping: 0.091100 ms MarkObjects: 2.998900 ms  DeleteObjects: 0.111600 ms)

AssetImportParameters requested are different than current active one (requested -> active):
  custom:graphics/normal-map-encoding: 01000000000000000000000000000000 -> 02000000000000000000000000000000
========================================================================
Received Prepare
Registering precompiled user dll's ...
Registered in 0.006381 seconds.
Begin MonoManager ReloadAssembly
Native extension for WindowsStandalone target not found
Refreshing native plugins compatible for Editor in 0.76 ms, found 0 plugins.
Preloading 0 native plugins for Editor in 0.00 ms.
Invoked RoslynAnalysisRunner static constructor.
RoslynAnalysisRunner will not be running.
RoslynAnalysisRunner has terminated.
Mono: successfully reloaded assembly
- Completed reload, in  3.156 seconds
Platform modules already initialized, skipping
Switching build target platform(5) subTarget(0) extendedPlatform(0) -> platform(13) subTarget(537395200) extendedPlatform(0)
Refreshing native plugins compatible for Editor in 0.47 ms, found 0 plugins.
Preloading 0 native plugins for Editor in 0.00 ms.
Unloading 1472 Unused Serialized files (Serialized files now loaded: 0)
System memory in use before: 73.7 MB.
System memory in use after: 73.8 MB.

Unloading 7 unused Assets to reduce memory usage. Loaded Objects now: 2020.
Total: 3.704700 ms (FindLiveObjects: 0.410000 ms CreateObjectMapping: 0.114300 ms MarkObjects: 3.081700 ms  DeleteObjects: 0.096200 ms)

AssetImportParameters requested are different than current active one (requested -> active):
  custom:graphics/normal-map-encoding: 01000000000000000000000000000000 -> 02000000000000000000000000000000
========================================================================
Received Prepare
Registering precompiled user dll's ...
Registered in 0.006588 seconds.
Begin MonoManager ReloadAssembly
Native extension for WindowsStandalone target not found
Refreshing native plugins compatible for Editor in 1.02 ms, found 0 plugins.
Preloading 0 native plugins for Editor in 0.00 ms.
Invoked RoslynAnalysisRunner static constructor.
RoslynAnalysisRunner will not be running.
RoslynAnalysisRunner has terminated.
Mono: successfully reloaded assembly
- Completed reload, in  3.994 seconds
Platform modules already initialized, skipping
Switching build target platform(5) subTarget(0) extendedPlatform(0) -> platform(13) subTarget(537395200) extendedPlatform(0)
Refreshing native plugins compatible for Editor in 0.52 ms, found 0 plugins.
Preloading 0 native plugins for Editor in 0.00 ms.
Unloading 1472 Unused Serialized files (Serialized files now loaded: 0)
System memory in use before: 73.7 MB.
System memory in use after: 73.8 MB.

Unloading 7 unused Assets to reduce memory usage. Loaded Objects now: 2023.
Total: 3.884800 ms (FindLiveObjects: 0.417800 ms CreateObjectMapping: 0.130600 ms MarkObjects: 3.053900 ms  DeleteObjects: 0.280700 ms)

AssetImportParameters requested are different than current active one (requested -> active):
  custom:graphics/normal-map-encoding: 01000000000000000000000000000000 -> 02000000000000000000000000000000
========================================================================
Received Prepare
Registering precompiled user dll's ...
Registered in 0.006748 seconds.
Begin MonoManager ReloadAssembly
Native extension for WindowsStandalone target not found
Refreshing native plugins compatible for Editor in 0.74 ms, found 0 plugins.
Preloading 0 native plugins for Editor in 0.00 ms.
Invoked RoslynAnalysisRunner static constructor.
RoslynAnalysisRunner will not be running.
RoslynAnalysisRunner has terminated.
Mono: successfully reloaded assembly
- Completed reload, in  3.833 seconds
Platform modules already initialized, skipping
Switching build target platform(5) subTarget(0) extendedPlatform(0) -> platform(13) subTarget(537395200) extendedPlatform(0)
Refreshing native plugins compatible for Editor in 0.61 ms, found 0 plugins.
Preloading 0 native plugins for Editor in 0.00 ms.
Unloading 1472 Unused Serialized files (Serialized files now loaded: 0)
System memory in use before: 73.7 MB.
System memory in use after: 73.8 MB.

Unloading 7 unused Assets to reduce memory usage. Loaded Objects now: 2026.
Total: 4.415000 ms (FindLiveObjects: 0.515400 ms CreateObjectMapping: 0.108000 ms MarkObjects: 3.690700 ms  DeleteObjects: 0.098500 ms)

AssetImportParameters requested are different than current active one (requested -> active):
  custom:graphics/normal-map-encoding: 01000000000000000000000000000000 -> 02000000000000000000000000000000
========================================================================
Received Prepare
Registering precompiled user dll's ...
Registered in 0.006535 seconds.
Begin MonoManager ReloadAssembly
Native extension for WindowsStandalone target not found
Refreshing native plugins compatible for Editor in 0.77 ms, found 0 plugins.
Preloading 0 native plugins for Editor in 0.00 ms.
Invoked RoslynAnalysisRunner static constructor.
RoslynAnalysisRunner will not be running.
RoslynAnalysisRunner has terminated.
Mono: successfully reloaded assembly
- Completed reload, in  3.285 seconds
Platform modules already initialized, skipping
Switching build target platform(5) subTarget(0) extendedPlatform(0) -> platform(13) subTarget(537395200) extendedPlatform(0)
Refreshing native plugins compatible for Editor in 0.44 ms, found 0 plugins.
Preloading 0 native plugins for Editor in 0.00 ms.
Unloading 1472 Unused Serialized files (Serialized files now loaded: 0)
System memory in use before: 73.7 MB.
System memory in use after: 73.8 MB.

Unloading 7 unused Assets to reduce memory usage. Loaded Objects now: 2029.
Total: 5.775400 ms (FindLiveObjects: 0.465400 ms CreateObjectMapping: 0.416100 ms MarkObjects: 4.783000 ms  DeleteObjects: 0.107500 ms)

AssetImportParameters requested are different than current active one (requested -> active):
  custom:graphics/normal-map-encoding: 01000000000000000000000000000000 -> 02000000000000000000000000000000
========================================================================
Received Prepare
Registering precompiled user dll's ...
Registered in 0.005728 seconds.
Begin MonoManager ReloadAssembly
Native extension for WindowsStandalone target not found
Refreshing native plugins compatible for Editor in 0.78 ms, found 0 plugins.
Preloading 0 native plugins for Editor in 0.00 ms.
Invoked RoslynAnalysisRunner static constructor.
RoslynAnalysisRunner will not be running.
RoslynAnalysisRunner has terminated.
Mono: successfully reloaded assembly
- Completed reload, in  2.800 seconds
Platform modules already initialized, skipping
Switching build target platform(5) subTarget(0) extendedPlatform(0) -> platform(13) subTarget(537395200) extendedPlatform(0)
Refreshing native plugins compatible for Editor in 0.41 ms, found 0 plugins.
Preloading 0 native plugins for Editor in 0.00 ms.
Unloading 1472 Unused Serialized files (Serialized files now loaded: 0)
System memory in use before: 73.7 MB.
System memory in use after: 73.8 MB.

Unloading 7 unused Assets to reduce memory usage. Loaded Objects now: 2032.
Total: 5.391900 ms (FindLiveObjects: 0.462400 ms CreateObjectMapping: 0.135400 ms MarkObjects: 4.678100 ms  DeleteObjects: 0.112500 ms)

AssetImportParameters requested are different than current active one (requested -> active):
  custom:graphics/normal-map-encoding: 01000000000000000000000000000000 -> 02000000000000000000000000000000
========================================================================
Received Import Request.
  Time since last request: 10324.054988 seconds.
  path: Assets/Prefabs/Pipe.prefab
  artifactKey: Guid(04ae516d3a7c3b548a2ee745905d649f) Importer(815301076,1909f56bfc062723c751e8b465ee728b)
Start importing Assets/Prefabs/Pipe.prefab using Guid(04ae516d3a7c3b548a2ee745905d649f) Importer(815301076,1909f56bfc062723c751e8b465ee728b)  -> (artifact id: '02a7e366e57d7438bb0800371b3376ae') in 0.090274 seconds
  Import took 0.114128 seconds .

========================================================================
Received Import Request.
  Time since last request: 1.615328 seconds.
  path: Assets/Prefabs/Pipe.prefab
  artifactKey: Guid(04ae516d3a7c3b548a2ee745905d649f) Importer(815301076,1909f56bfc062723c751e8b465ee728b)
Start importing Assets/Prefabs/Pipe.prefab using Guid(04ae516d3a7c3b548a2ee745905d649f) Importer(815301076,1909f56bfc062723c751e8b465ee728b)  -> (artifact id: '4ed0ab5eeab585dcea26a740c84cfac4') in 0.037066 seconds
  Import took 0.048642 seconds .

========================================================================
Received Import Request.
  Time since last request: 0.029599 seconds.
  path: Assets/Prefabs/Pipe.prefab
  artifactKey: Guid(04ae516d3a7c3b548a2ee745905d649f) Importer(815301076,1909f56bfc062723c751e8b465ee728b)
Start importing Assets/Prefabs/Pipe.prefab using Guid(04ae516d3a7c3b548a2ee745905d649f) Importer(815301076,1909f56bfc062723c751e8b465ee728b)  -> (artifact id: '4ed0ab5eeab585dcea26a740c84cfac4') in 0.023182 seconds
  Import took 0.032550 seconds .

========================================================================
Received Prepare
Registering precompiled user dll's ...
Registered in 0.006850 seconds.
Begin MonoManager ReloadAssembly
Native extension for WindowsStandalone target not found
Refreshing native plugins compatible for Editor in 1.39 ms, found 0 plugins.
Preloading 0 native plugins for Editor in 0.00 ms.
Invoked RoslynAnalysisRunner static constructor.
RoslynAnalysisRunner will not be running.
RoslynAnalysisRunner has terminated.
Mono: successfully reloaded assembly
- Completed reload, in  3.392 seconds
Platform modules already initialized, skipping
Switching build target platform(5) subTarget(0) extendedPlatform(0) -> platform(13) subTarget(537395200) extendedPlatform(0)
Refreshing native plugins compatible for Editor in 0.65 ms, found 0 plugins.
Preloading 0 native plugins for Editor in 0.00 ms.
Unloading 1472 Unused Serialized files (Serialized files now loaded: 0)
System memory in use before: 73.7 MB.
System memory in use after: 73.8 MB.

Unloading 7 unused Assets to reduce memory usage. Loaded Objects now: 2035.
Total: 3.233400 ms (FindLiveObjects: 0.279100 ms CreateObjectMapping: 0.100500 ms MarkObjects: 2.749300 ms  DeleteObjects: 0.101700 ms)

AssetImportParameters requested are different than current active one (requested -> active):
  custom:graphics/normal-map-encoding: 01000000000000000000000000000000 -> 02000000000000000000000000000000
========================================================================
Received Prepare
Registering precompiled user dll's ...
Registered in 0.006333 seconds.
Begin MonoManager ReloadAssembly
Native extension for WindowsStandalone target not found
Refreshing native plugins compatible for Editor in 0.79 ms, found 0 plugins.
Preloading 0 native plugins for Editor in 0.00 ms.
Invoked RoslynAnalysisRunner static constructor.
RoslynAnalysisRunner will not be running.
RoslynAnalysisRunner has terminated.
Mono: successfully reloaded assembly
- Completed reload, in  3.434 seconds
Platform modules already initialized, skipping
Switching build target platform(5) subTarget(0) extendedPlatform(0) -> platform(13) subTarget(537395200) extendedPlatform(0)
Refreshing native plugins compatible for Editor in 0.48 ms, found 0 plugins.
Preloading 0 native plugins for Editor in 0.00 ms.
Unloading 1472 Unused Serialized files (Serialized files now loaded: 0)
System memory in use before: 73.7 MB.
System memory in use after: 73.8 MB.

Unloading 7 unused Assets to reduce memory usage. Loaded Objects now: 2038.
Total: 7.007300 ms (FindLiveObjects: 0.462600 ms CreateObjectMapping: 0.478300 ms MarkObjects: 5.822400 ms  DeleteObjects: 0.239900 ms)

AssetImportParameters requested are different than current active one (requested -> active):
  custom:graphics/normal-map-encoding: 01000000000000000000000000000000 -> 02000000000000000000000000000000
========================================================================
Received Prepare
Registering precompiled user dll's ...
Registered in 0.005487 seconds.
Begin MonoManager ReloadAssembly
Native extension for WindowsStandalone target not found
Refreshing native plugins compatible for Editor in 0.53 ms, found 0 plugins.
Preloading 0 native plugins for Editor in 0.00 ms.
Invoked RoslynAnalysisRunner static constructor.
RoslynAnalysisRunner will not be running.
RoslynAnalysisRunner has terminated.
Mono: successfully reloaded assembly
- Completed reload, in  2.460 seconds
Platform modules already initialized, skipping
Switching build target platform(5) subTarget(0) extendedPlatform(0) -> platform(13) subTarget(537395200) extendedPlatform(0)
Refreshing native plugins compatible for Editor in 0.52 ms, found 0 plugins.
Preloading 0 native plugins for Editor in 0.00 ms.
Unloading 1472 Unused Serialized files (Serialized files now loaded: 0)
System memory in use before: 73.7 MB.
System memory in use after: 73.8 MB.

Unloading 7 unused Assets to reduce memory usage. Loaded Objects now: 2041.
Total: 4.300000 ms (FindLiveObjects: 0.518800 ms CreateObjectMapping: 0.136300 ms MarkObjects: 3.556200 ms  DeleteObjects: 0.086200 ms)

AssetImportParameters requested are different than current active one (requested -> active):
  custom:graphics/normal-map-encoding: 01000000000000000000000000000000 -> 02000000000000000000000000000000
========================================================================
Received Import Request.
  Time since last request: 177.188881 seconds.
  path: Assets/Prefabs/Pipe.prefab
  artifactKey: Guid(04ae516d3a7c3b548a2ee745905d649f) Importer(815301076,1909f56bfc062723c751e8b465ee728b)
Start importing Assets/Prefabs/Pipe.prefab using Guid(04ae516d3a7c3b548a2ee745905d649f) Importer(815301076,1909f56bfc062723c751e8b465ee728b)  -> (artifact id: 'a0fdc56efe5341c5058270d15fd1dca3') in 0.066783 seconds
  Import took 0.074965 seconds .

========================================================================
Received Import Request.
  Time since last request: 100.587262 seconds.
  path: Assets/Prefabs/Pipe.prefab
  artifactKey: Guid(04ae516d3a7c3b548a2ee745905d649f) Importer(815301076,1909f56bfc062723c751e8b465ee728b)
Start importing Assets/Prefabs/Pipe.prefab using Guid(04ae516d3a7c3b548a2ee745905d649f) Importer(815301076,1909f56bfc062723c751e8b465ee728b)  -> (artifact id: '8da9aeebb50bdf8485642af98838d95a') in 0.011139 seconds
  Import took 0.015957 seconds .

========================================================================
Received Import Request.
  Time since last request: 0.002999 seconds.
  path: Assets/Prefabs/Pipe.prefab
  artifactKey: Guid(04ae516d3a7c3b548a2ee745905d649f) Importer(815301076,1909f56bfc062723c751e8b465ee728b)
Start importing Assets/Prefabs/Pipe.prefab using Guid(04ae516d3a7c3b548a2ee745905d649f) Importer(815301076,1909f56bfc062723c751e8b465ee728b)  -> (artifact id: '8da9aeebb50bdf8485642af98838d95a') in 0.012540 seconds
  Import took 0.016367 seconds .

========================================================================
Received Import Request.
  Time since last request: 4.412292 seconds.
  path: Assets/Prefabs/Pipe.prefab
  artifactKey: Guid(04ae516d3a7c3b548a2ee745905d649f) Importer(815301076,1909f56bfc062723c751e8b465ee728b)
Start importing Assets/Prefabs/Pipe.prefab using Guid(04ae516d3a7c3b548a2ee745905d649f) Importer(815301076,1909f56bfc062723c751e8b465ee728b)  -> (artifact id: 'cbb3c61463257c5bee82c797f9e7a22f') in 0.011436 seconds
  Import took 0.017916 seconds .

========================================================================
Received Import Request.
  Time since last request: 0.023099 seconds.
  path: Assets/Prefabs/Pipe.prefab
  artifactKey: Guid(04ae516d3a7c3b548a2ee745905d649f) Importer(815301076,1909f56bfc062723c751e8b465ee728b)
Start importing Assets/Prefabs/Pipe.prefab using Guid(04ae516d3a7c3b548a2ee745905d649f) Importer(815301076,1909f56bfc062723c751e8b465ee728b)  -> (artifact id: 'cbb3c61463257c5bee82c797f9e7a22f') in 0.019907 seconds
  Import took 0.027333 seconds .

========================================================================
Received Prepare
Registering precompiled user dll's ...
Registered in 0.005317 seconds.
Begin MonoManager ReloadAssembly
Native extension for WindowsStandalone target not found
Refreshing native plugins compatible for Editor in 0.46 ms, found 0 plugins.
Preloading 0 native plugins for Editor in 0.00 ms.
Invoked RoslynAnalysisRunner static constructor.
RoslynAnalysisRunner will not be running.
RoslynAnalysisRunner has terminated.
Mono: successfully reloaded assembly
- Completed reload, in  3.431 seconds
Platform modules already initialized, skipping
Switching build target platform(5) subTarget(0) extendedPlatform(0) -> platform(13) subTarget(537395200) extendedPlatform(0)
Refreshing native plugins compatible for Editor in 0.45 ms, found 0 plugins.
Preloading 0 native plugins for Editor in 0.00 ms.
Unloading 1472 Unused Serialized files (Serialized files now loaded: 0)
System memory in use before: 73.7 MB.
System memory in use after: 73.8 MB.

Unloading 7 unused Assets to reduce memory usage. Loaded Objects now: 2044.
Total: 3.427600 ms (FindLiveObjects: 0.245300 ms CreateObjectMapping: 0.079400 ms MarkObjects: 3.009400 ms  DeleteObjects: 0.091300 ms)

AssetImportParameters requested are different than current active one (requested -> active):
  custom:graphics/normal-map-encoding: 01000000000000000000000000000000 -> 02000000000000000000000000000000
========================================================================
Received Prepare
Registering precompiled user dll's ...
Registered in 0.006681 seconds.
Begin MonoManager ReloadAssembly
Native extension for WindowsStandalone target not found
Refreshing native plugins compatible for Editor in 0.65 ms, found 0 plugins.
Preloading 0 native plugins for Editor in 0.00 ms.
Invoked RoslynAnalysisRunner static constructor.
RoslynAnalysisRunner will not be running.
RoslynAnalysisRunner has terminated.
Mono: successfully reloaded assembly
- Completed reload, in  3.412 seconds
Platform modules already initialized, skipping
Switching build target platform(5) subTarget(0) extendedPlatform(0) -> platform(13) subTarget(537395200) extendedPlatform(0)
Refreshing native plugins compatible for Editor in 0.93 ms, found 0 plugins.
Preloading 0 native plugins for Editor in 0.00 ms.
Unloading 1472 Unused Serialized files (Serialized files now loaded: 0)
System memory in use before: 73.7 MB.
System memory in use after: 73.8 MB.

Unloading 7 unused Assets to reduce memory usage. Loaded Objects now: 2047.
Total: 4.509700 ms (FindLiveObjects: 0.352200 ms CreateObjectMapping: 0.136900 ms MarkObjects: 3.893800 ms  DeleteObjects: 0.124100 ms)

AssetImportParameters requested are different than current active one (requested -> active):
  custom:graphics/normal-map-encoding: 01000000000000000000000000000000 -> 02000000000000000000000000000000
========================================================================
Received Prepare
Registering precompiled user dll's ...
Registered in 0.007113 seconds.
Begin MonoManager ReloadAssembly
Native extension for WindowsStandalone target not found
Refreshing native plugins compatible for Editor in 0.80 ms, found 0 plugins.
Preloading 0 native plugins for Editor in 0.00 ms.
Invoked RoslynAnalysisRunner static constructor.
RoslynAnalysisRunner will not be running.
RoslynAnalysisRunner has terminated.
Mono: successfully reloaded assembly
- Completed reload, in  2.711 seconds
Platform modules already initialized, skipping
Switching build target platform(5) subTarget(0) extendedPlatform(0) -> platform(13) subTarget(537395200) extendedPlatform(0)
Refreshing native plugins compatible for Editor in 0.52 ms, found 0 plugins.
Preloading 0 native plugins for Editor in 0.00 ms.
Unloading 1472 Unused Serialized files (Serialized files now loaded: 0)
System memory in use before: 73.7 MB.
System memory in use after: 73.8 MB.

Unloading 7 unused Assets to reduce memory usage. Loaded Objects now: 2050.
Total: 3.183400 ms (FindLiveObjects: 1.070800 ms CreateObjectMapping: 0.081100 ms MarkObjects: 1.953100 ms  DeleteObjects: 0.076600 ms)

AssetImportParameters requested are different than current active one (requested -> active):
  custom:graphics/normal-map-encoding: 01000000000000000000000000000000 -> 02000000000000000000000000000000
========================================================================
Received Import Request.
  Time since last request: 401.736921 seconds.
  path: Assets/Prefabs/Pipe.prefab
  artifactKey: Guid(04ae516d3a7c3b548a2ee745905d649f) Importer(815301076,1909f56bfc062723c751e8b465ee728b)
Start importing Assets/Prefabs/Pipe.prefab using Guid(04ae516d3a7c3b548a2ee745905d649f) Importer(815301076,1909f56bfc062723c751e8b465ee728b)  -> (artifact id: '218f021fbc6b04fd224b94961c887acd') in 0.089490 seconds
  Import took 0.095607 seconds .

========================================================================
Received Prepare
Registering precompiled user dll's ...
Registered in 0.009391 seconds.
Begin MonoManager ReloadAssembly
Native extension for WindowsStandalone target not found
Refreshing native plugins compatible for Editor in 0.80 ms, found 0 plugins.
Preloading 0 native plugins for Editor in 0.00 ms.
Invoked RoslynAnalysisRunner static constructor.
RoslynAnalysisRunner will not be running.
RoslynAnalysisRunner has terminated.
Mono: successfully reloaded assembly
- Completed reload, in  4.027 seconds
Platform modules already initialized, skipping
Switching build target platform(5) subTarget(0) extendedPlatform(0) -> platform(13) subTarget(537395200) extendedPlatform(0)
Refreshing native plugins compatible for Editor in 0.86 ms, found 0 plugins.
Preloading 0 native plugins for Editor in 0.00 ms.
Unloading 1472 Unused Serialized files (Serialized files now loaded: 0)
System memory in use before: 73.8 MB.
System memory in use after: 73.8 MB.

Unloading 7 unused Assets to reduce memory usage. Loaded Objects now: 2053.
Total: 14.185700 ms (FindLiveObjects: 0.345900 ms CreateObjectMapping: 0.127100 ms MarkObjects: 13.608600 ms  DeleteObjects: 0.101200 ms)

AssetImportParameters requested are different than current active one (requested -> active):
  custom:graphics/normal-map-encoding: 01000000000000000000000000000000 -> 02000000000000000000000000000000
========================================================================
Received Prepare
Registering precompiled user dll's ...
Registered in 0.015215 seconds.
Begin MonoManager ReloadAssembly
Native extension for WindowsStandalone target not found
Refreshing native plugins compatible for Editor in 1.15 ms, found 0 plugins.
Preloading 0 native plugins for Editor in 0.00 ms.
Invoked RoslynAnalysisRunner static constructor.
RoslynAnalysisRunner will not be running.
RoslynAnalysisRunner has terminated.
Mono: successfully reloaded assembly
- Completed reload, in  5.296 seconds
Platform modules already initialized, skipping
Switching build target platform(5) subTarget(0) extendedPlatform(0) -> platform(13) subTarget(537395200) extendedPlatform(0)
Refreshing native plugins compatible for Editor in 0.80 ms, found 0 plugins.
Preloading 0 native plugins for Editor in 0.00 ms.
Unloading 1472 Unused Serialized files (Serialized files now loaded: 0)
System memory in use before: 73.8 MB.
System memory in use after: 73.8 MB.

Unloading 7 unused Assets to reduce memory usage. Loaded Objects now: 2056.
Total: 8.238000 ms (FindLiveObjects: 0.397200 ms CreateObjectMapping: 0.146600 ms MarkObjects: 7.365900 ms  DeleteObjects: 0.324800 ms)

AssetImportParameters requested are different than current active one (requested -> active):
  custom:graphics/normal-map-encoding: 01000000000000000000000000000000 -> 02000000000000000000000000000000
AssetImportWorkerClient::OnTransportError - code=2 error=End of file
